%!Adobe-FontList 1.20
%Locale:0x809

%BeginFont
Handler:DirectoryHandler
FontType:Invalid
OutlineFileName:C:\Users\USER\Desktop\Sikhbe_sobai\project 8\Font\ubuntu\UBUNTU FONT LICENCE.txt
FileModTime:1613679798
%EndFont

%BeginFont
Handler:DirectoryHandler
FontType:TrueType
FontName:Ubuntu-Light
FamilyName:Ubuntu
StyleName:Light
FullName:Ubuntu Light
MenuName:Ubuntu Light
StyleBits:0
WritingScript:Roman
OutlineFileName:C:\Users\USER\Desktop\Sikhbe_sobai\project 8\Font\ubuntu\Ubuntu-L.ttf
DataFormat:sfntData
hasSVG:no
VariableFontType:NonVariableFont
FileLength:415552
FileModTime:1613679798
WeightClass:300
WidthClass:5
AngleClass:0
NameArray:0,Mac,18,Ubuntu Light
NameArray:0,Mac,4,Ubuntu Light
NameArray:0,Win,1,Ubuntu Light
NameArray:0,Win,16,Ubuntu
%EndFont

%BeginFont
Handler:DirectoryHandler
FontType:Type1
FontName:PlayfairDisplay-Black
FamilyName:Playfair Display
StyleName:Black
FullName:Playfair Display Black
MenuName:Playfair Display Black
StyleBits:0
WritingScript:Roman
OutlineFileName:C:\Users\USER\Desktop\Sikhbe_sobai\project 8\Font\playfair display\PlayfairDisplay-Black.otf
DataFormat:sfntData
UsesStandardEncoding:yes
isCFF:yes
hasSVG:no
VariableFontType:NonVariableFont
FileLength:156104
FileModTime:1613679518
WeightClass:900
WidthClass:5
AngleClass:0
NameArray:0,Mac,4,Playfair Display Black
NameArray:0,Win,1,Playfair Display Black
NameArray:0,Win,16,Playfair Display
%EndFont

%BeginFont
Handler:DirectoryHandler
FontType:Type1
FontName:PlayfairDisplay-Bold
FamilyName:Playfair Display
StyleName:Bold
FullName:Playfair Display Bold
MenuName:Playfair Display
StyleBits:2
WritingScript:Roman
OutlineFileName:C:\Users\USER\Desktop\Sikhbe_sobai\project 8\Font\playfair display\PlayfairDisplay-Bold.otf
DataFormat:sfntData
UsesStandardEncoding:yes
isCFF:yes
hasSVG:no
VariableFontType:NonVariableFont
FileLength:158148
FileModTime:1613679518
WeightClass:700
WidthClass:5
AngleClass:0
NameArray:0,Mac,4,Playfair Display Bold
NameArray:0,Win,1,Playfair Display
%EndFont

%BeginFont
Handler:DirectoryHandler
FontType:Type1
FontName:PlayfairDisplay-Italic
FamilyName:Playfair Display
StyleName:Italic
FullName:Playfair Display Italic
MenuName:Playfair Display
StyleBits:1
WritingScript:Roman
OutlineFileName:C:\Users\USER\Desktop\Sikhbe_sobai\project 8\Font\playfair display\PlayfairDisplay-Italic.otf
DataFormat:sfntData
UsesStandardEncoding:yes
isCFF:yes
hasSVG:no
VariableFontType:NonVariableFont
FileLength:144252
FileModTime:1613679518
WeightClass:400
WidthClass:5
AngleClass:1
NameArray:0,Mac,4,Playfair Display Italic
NameArray:0,Win,1,Playfair Display
%EndFont

%BeginFont
Handler:DirectoryHandler
FontType:Type1
FontName:PlayfairDisplay-Regular
FamilyName:Playfair Display
StyleName:Regular
FullName:Playfair Display
MenuName:Playfair Display
StyleBits:0
WritingScript:Roman
OutlineFileName:C:\Users\USER\Desktop\Sikhbe_sobai\project 8\Font\playfair display\PlayfairDisplay-Regular.otf
DataFormat:sfntData
UsesStandardEncoding:yes
isCFF:yes
hasSVG:no
VariableFontType:NonVariableFont
FileLength:148580
FileModTime:1613679518
WeightClass:400
WidthClass:5
AngleClass:0
NameArray:0,Mac,4,Playfair Display
NameArray:0,Win,1,Playfair Display
%EndFont

%BeginFont
Handler:DirectoryHandler
FontType:Invalid
OutlineFileName:C:\Users\USER\Desktop\Sikhbe_sobai\project 8\Font\playfair display\SIL Open Font License.txt
FileModTime:1613679518
%EndFont

%BeginFont
Handler:DirectoryHandler
FontType:Type1
FontName:Inconsolata
FamilyName:Inconsolata
StyleName:Medium
FullName:Inconsolata
MenuName:Inconsolata
StyleBits:0
WritingScript:Roman
OutlineFileName:C:\Users\USER\Desktop\Sikhbe_sobai\project 8\Font\inconsolata\Inconsolata.otf
DataFormat:sfntData
UsesStandardEncoding:yes
isCFF:yes
hasSVG:no
VariableFontType:NonVariableFont
FileLength:58560
FileModTime:1613679954
WeightClass:500
WidthClass:5
AngleClass:0
NameArray:0,Mac,4,Inconsolata
NameArray:0,Win,1,Inconsolata
%EndFont

%BeginFont
Handler:DirectoryHandler
FontType:Invalid
OutlineFileName:C:\Users\USER\Desktop\Sikhbe_sobai\project 8\Font\inconsolata\SIL Open Font License.txt
FileModTime:1613679954
%EndFont

